Arguments: 
  /Users/ruddycondori/.nvm/versions/node/v10.16.3/bin/node /usr/local/Cellar/yarn/1.17.3/libexec/bin/yarn.js

PATH: 
  /Users/ruddycondori/.nvm/versions/node/v10.16.3/bin:/usr/local/bin:/usr/bin:/bin:/usr/sbin:/sbin:/Users/ruddycondori/Library/Android/sdk/platform-tools

Yarn version: 
  1.17.3

Node version: 
  10.16.3

Platform: 
  darwin x64

Trace: 
  Error: https://registry.yarnpkg.com/@fortawesome%2ffontawesome-pro: Not found
      at Request.params.callback [as _callback] (/usr/local/Cellar/yarn/1.17.3/libexec/lib/cli.js:66830:18)
      at Request.self.callback (/usr/local/Cellar/yarn/1.17.3/libexec/lib/cli.js:140464:22)
      at Request.emit (events.js:198:13)
      at Request.<anonymous> (/usr/local/Cellar/yarn/1.17.3/libexec/lib/cli.js:141436:10)
      at Request.emit (events.js:198:13)
      at IncomingMessage.<anonymous> (/usr/local/Cellar/yarn/1.17.3/libexec/lib/cli.js:141358:12)
      at Object.onceWrapper (events.js:286:20)
      at IncomingMessage.emit (events.js:203:15)
      at endReadableNT (_stream_readable.js:1145:12)
      at process._tickCallback (internal/process/next_tick.js:63:19)

npm manifest: 
  {
      "name": "UltraCreditos",
      "version": "1.0.0",
      "description": "",
      "main": "index.js",
      "scripts": {
          "start": "webpack-dev-server --open --mode development --hot",
          "build": "webpack --mode production --progress --color"
      },
      "author": "UltraGrupo",
      "license": "ISC",
      "dependencies": {
          "bootstrap-daterangepicker": "^3.0.5",
          "cldr-data": "^35.1.0",
          "dotenv": "^8.0.0",
          "dotenv-webpack": "^1.7.0",
          "echarts": "^4.2.1",
          "globalize": "^1.4.2",
          "iana-tz-data": "^2019.1.0",
          "lodash": "^4.17.11",
          "moment": "^2.24.0",
          "moment-timezone": "^0.5.26",
          "nuka-carousel": "^4.5.4",
          "numeral": "^2.0.6",
          "phone-formatter": "^0.0.2",
          "react": "^16.8.4",
          "react-awesome-modal": "^2.0.5",
          "react-beautiful-dnd": "^11.0.2",
          "react-big-calendar": "^0.22.0",
          "react-bootstrap-daterangepicker": "^4.1.0",
          "react-clipboard.js": "^2.0.7",
          "react-date-picker": "^7.3.0",
          "react-datetime-picker": "^2.2.1",
          "react-dom": "^16.8.4",
          "react-google-maps": "^9.4.5",
          "react-image-pan-zoom-rotate": "^1.2.0",
          "react-responsive-modal": "^3.6.0",
          "react-router-dom": "^4.3.1",
          "react-select": "^2.4.2",
          "react-spinners": "^0.5.3",
          "react-switch": "^4.1.0",
          "react-tabs": "^3.0.0",
          "react-tooltip": "^3.10.0",
          "recompose": "^0.30.0",
          "shallowequal": "^1.1.0"
      },
      "devDependencies": {
          "@babel/core": "^7.3.4",
          "@babel/plugin-proposal-decorators": "^7.3.0",
          "@babel/plugin-transform-object-assign": "^7.2.0",
          "@babel/preset-env": "^7.3.4",
          "@babel/preset-flow": "^7.0.0",
          "@babel/preset-react": "^7.0.0",
          "@babel/runtime": "^7.3.4",
          "@fortawesome/fontawesome-pro": "^5.7.2",
          "babel-core": "^6.26.3",
          "babel-loader": "^8.0.5",
          "babel-plugin-transform-object-assign": "^6.22.0",
          "babel-plugin-transform-remove-console": "^6.9.4",
          "babel-preset-env": "^1.7.0",
          "babel-preset-minify": "^0.5.0",
          "babel-preset-react": "^6.24.1",
          "clean-webpack-plugin": "^3.0.0",
          "copy-webpack-plugin": "^5.0.1",
          "css-loader": "^2.1.1",
          "extract-text-webpack-plugin": "^3.0.2",
          "fibers": "^3.1.1",
          "html-loader": "^0.5.5",
          "html-webpack-plugin": "^3.2.0",
          "metro-react-native-babel-preset": "^0.53.0",
          "mini-css-extract-plugin": "^0.5.0",
          "node-sass": "^4.11.0",
          "optimize-css-assets-webpack-plugin": "^5.0.1",
          "raw-loader": "^2.0.0",
          "sass": "^1.17.2",
          "sass-loader": "^7.1.0",
          "style-loader": "^0.23.1",
          "terser-webpack-plugin": "^1.3.0",
          "uglifyjs-webpack-plugin": "^2.1.3",
          "webpack": "^4.29.6",
          "webpack-cli": "^3.2.3",
          "webpack-dev-server": "^3.2.1",
          "webpack-node-externals": "^1.7.2"
      }
  }

yarn manifest: 
  No manifest

Lockfile: 
  No lockfile
